Command line:
   tb_main_isim_beh.exe
     -simmode  gui
     -simrunnum  0
     -socket  36841

Wed Nov 28 13:03:55 2018


 Elaboration Time: 0.17 sec

 Current Memory Usage: 384.061 Meg

 Total Signals          : 164
 Total Nets             : 323896
 Total Signal Drivers   : 50
 Total Blocks           : 27
 Total Primitive Blocks : 22
 Total Processes        : 46
 Total Traceable Variables  : 23
 Total Scalar Nets and Variables : 324414
Total Line Count : 97
Total Line Count : 97
Total Line Count : 97

 Total Simulation Time: 0.33 sec

 Current Memory Usage: 459.563 Meg

Wed Nov 28 13:05:17 2018

